0 info it worked if it ends with ok
1 verbose cli [ 'C:\\Program Files\\nodejs\\node.exe',
1 verbose cli   'C:\\Program Files\\nodejs\\node_modules\\npm\\bin\\npm-cli.js',
1 verbose cli   'start' ]
2 info using npm@3.10.8
3 info using node@v6.9.0
4 verbose run-script [ 'prestart', 'start', 'poststart' ]
5 info lifecycle phaserGame@1.0.0~prestart: phaserGame@1.0.0
6 silly lifecycle phaserGame@1.0.0~prestart: no script for prestart, continuing
7 info lifecycle phaserGame@1.0.0~start: phaserGame@1.0.0
8 verbose lifecycle phaserGame@1.0.0~start: unsafe-perm in lifecycle true
9 verbose lifecycle phaserGame@1.0.0~start: PATH: C:\Program Files\nodejs\node_modules\npm\bin\node-gyp-bin;C:\Users\marga\OneDrive\Documents\GitHub\jsphaser\node_modules\.bin;C:\Program Files\Git\cmd;C:\Program Files (x86)\Razer Chroma SDK\bin;C:\Program Files\Razer Chroma SDK\bin;C:\Program Files (x86)\Intel\iCLS Client\;C:\Program Files\Intel\iCLS Client\;C:\Windows\system32;C:\Windows;C:\Windows\System32\Wbem;C:\Windows\System32\WindowsPowerShell\v1.0\;C:\Program Files\Intel\WiFi\bin\;C:\Program Files\Common Files\Intel\WirelessCommon\;C:\Program Files (x86)\NVIDIA Corporation\PhysX\Common;C:\Program Files (x86)\Intel\Intel(R) Management Engine Components\DAL;C:\Program Files\Intel\Intel(R) Management Engine Components\DAL;C:\Program Files (x86)\Intel\Intel(R) Management Engine Components\IPT;C:\Program Files\Intel\Intel(R) Management Engine Components\IPT;C:\Users\marga\AppData\Local\Microsoft\WindowsApps;C:\Users\marga\AppData\Roaming\Dashlane\4.7.2.30899\bin\Firefox_Extension\{442718d9-475e-452a-b3e1-fb1ee16b8e9f}\components;C:\Users\marga\AppData\Roaming\Dashlane\4.7.2.30899\ucrt;C:\Users\marga\AppData\Local\GitHubDesktop\bin;C:\Users\marga\AppData\Local\atom\bin;C:\Program Files\PuTTY\;C:\Program Files\Git\cmd;C:\Program Files\nodejs\;%SystemRoot%\system32;%SystemRoot%;%SystemRoot%\System32\Wbem;%SYSTEMROOT%\System32\WindowsPowerShell\v1.0\;C:\Users\marga\AppData\Local\Microsoft\WindowsApps;C:\Users\marga\AppData\Roaming\Dashlane\4.7.2.30899\bin\Firefox_Extension\{442718d9-475e-452a-b3e1-fb1ee16b8e9f}\components;C:\Users\marga\AppData\Roaming\Dashlane\4.7.2.30899\ucrt;C:\Users\marga\AppData\Local\GitHubDesktop\bin;C:\Users\marga\AppData\Local\atom\bin;C:\Users\marga\AppData\Roaming\Dashlane\5.2.0.12122\bin\Firefox_Extension\{442718d9-475e-452a-b3e1-fb1ee16b8e9f}\components;C:\Users\marga\AppData\Roaming\Dashlane\5.2.0.12122\ucrt;C:\Users\marga\AppData\Roaming\npm;;C:\Users\marga\AppData\Local\Microsoft\WindowsApps
10 verbose lifecycle phaserGame@1.0.0~start: CWD: C:\Users\marga\OneDrive\Documents\GitHub\jsphaser
11 silly lifecycle phaserGame@1.0.0~start: Args: [ '/d /s /c',
11 silly lifecycle   'budo src/main.js:bundle.js --live -- -d -e src/main.js -t [babelify --comments false --presets env]' ]
12 silly lifecycle phaserGame@1.0.0~start: Returned: code: 3221225786  signal: null
13 info lifecycle phaserGame@1.0.0~start: Failed to exec start script
14 verbose stack Error: phaserGame@1.0.0 start: `budo src/main.js:bundle.js --live -- -d -e src/main.js -t [babelify --comments false --presets env]`
14 verbose stack Exit status 3221225786
14 verbose stack     at EventEmitter.<anonymous> (C:\Program Files\nodejs\node_modules\npm\lib\utils\lifecycle.js:255:16)
14 verbose stack     at emitTwo (events.js:106:13)
14 verbose stack     at EventEmitter.emit (events.js:191:7)
14 verbose stack     at ChildProcess.<anonymous> (C:\Program Files\nodejs\node_modules\npm\lib\utils\spawn.js:40:14)
14 verbose stack     at emitTwo (events.js:106:13)
14 verbose stack     at ChildProcess.emit (events.js:191:7)
14 verbose stack     at maybeClose (internal/child_process.js:877:16)
14 verbose stack     at Process.ChildProcess._handle.onexit (internal/child_process.js:226:5)
15 verbose pkgid phaserGame@1.0.0
16 verbose cwd C:\Users\marga\OneDrive\Documents\GitHub\jsphaser
17 error Windows_NT 10.0.16299
18 error argv "C:\\Program Files\\nodejs\\node.exe" "C:\\Program Files\\nodejs\\node_modules\\npm\\bin\\npm-cli.js" "start"
19 error node v6.9.0
20 error npm  v3.10.8
21 error code ELIFECYCLE
22 error phaserGame@1.0.0 start: `budo src/main.js:bundle.js --live -- -d -e src/main.js -t [babelify --comments false --presets env]`
22 error Exit status 3221225786
23 error Failed at the phaserGame@1.0.0 start script 'budo src/main.js:bundle.js --live -- -d -e src/main.js -t [babelify --comments false --presets env]'.
23 error Make sure you have the latest version of node.js and npm installed.
23 error If you do, this is most likely a problem with the phaserGame package,
23 error not with npm itself.
23 error Tell the author that this fails on your system:
23 error     budo src/main.js:bundle.js --live -- -d -e src/main.js -t [babelify --comments false --presets env]
23 error You can get information on how to open an issue for this project with:
23 error     npm bugs phaserGame
23 error Or if that isn't available, you can get their info via:
23 error     npm owner ls phaserGame
23 error There is likely additional logging output above.
24 verbose exit [ 1, true ]
